[ INFO ] 2021-09-30 15:05:17 [THREAD - main] INFO  az.hrportal.hrportalapi.HrportalApiApplication:55 - Starting HrportalApiApplication using Java 11.0.12 on firatshahverdiyev-ThinkPad-T15-Gen-1 with PID 20909 (/home/firatshahverdiyev/Documents/Projects/Java/hrportal-api/build/classes/java/main started by firatshahverdiyev in /home/firatshahverdiyev/Documents/Projects/Java/hrportal-api)
[ INFO ] 2021-09-30 15:05:17 [THREAD - main] INFO  az.hrportal.hrportalapi.HrportalApiApplication:663 - The following profiles are active: local
[ INFO ] 2021-09-30 15:05:18 [THREAD - main] INFO  org.springframework.data.repository.config.RepositoryConfigurationDelegate:132 - Bootstrapping Spring Data JPA repositories in DEFAULT mode.
[ INFO ] 2021-09-30 15:05:18 [THREAD - main] INFO  org.springframework.data.repository.config.RepositoryConfigurationDelegate:201 - Finished Spring Data repository scanning in 88 ms. Found 19 JPA repository interfaces.
[ INFO ] 2021-09-30 15:05:19 [THREAD - main] INFO  org.springframework.boot.web.embedded.tomcat.TomcatWebServer:108 - Tomcat initialized with port(s): 8080 (http)
[ INFO ] 2021-09-30 15:05:19 [THREAD - main] INFO  org.apache.catalina.core.StandardService:173 - Starting service [Tomcat]
[ INFO ] 2021-09-30 15:05:19 [THREAD - main] INFO  org.apache.catalina.core.StandardEngine:173 - Starting Servlet engine: [Apache Tomcat/9.0.50]
[ INFO ] 2021-09-30 15:05:19 [THREAD - main] INFO  org.apache.catalina.core.ContainerBase.[Tomcat].[localhost].[/]:173 - Initializing Spring embedded WebApplicationContext
[ INFO ] 2021-09-30 15:05:19 [THREAD - main] INFO  org.springframework.boot.web.servlet.context.ServletWebServerApplicationContext:290 - Root WebApplicationContext: initialization completed in 1709 ms
[ INFO ] 2021-09-30 15:05:19 [THREAD - main] INFO  org.hibernate.jpa.internal.util.LogHelper:31 - HHH000204: Processing PersistenceUnitInfo [name: default]
[ INFO ] 2021-09-30 15:05:19 [THREAD - main] INFO  org.hibernate.Version:44 - HHH000412: Hibernate ORM core version 5.4.32.Final
[ INFO ] 2021-09-30 15:05:19 [THREAD - main] INFO  org.hibernate.annotations.common.Version:56 - HCANN000001: Hibernate Commons Annotations {5.1.2.Final}
[ INFO ] 2021-09-30 15:05:19 [THREAD - main] INFO  com.zaxxer.hikari.HikariDataSource:110 - IdentityHikariPool - Starting...
[ INFO ] 2021-09-30 15:05:19 [THREAD - main] INFO  com.zaxxer.hikari.HikariDataSource:123 - IdentityHikariPool - Start completed.
[ INFO ] 2021-09-30 15:05:19 [THREAD - main] INFO  org.hibernate.dialect.Dialect:175 - HHH000400: Using dialect: org.hibernate.dialect.PostgreSQL95Dialect
[ INFO ] 2021-09-30 15:05:20 [THREAD - main] INFO  org.hibernate.orm.connections.access:47 - HHH10001501: Connection obtained from JdbcConnectionAccess [org.hibernate.engine.jdbc.env.internal.JdbcEnvironmentInitiator$ConnectionProviderJdbcConnectionAccess@6abaa14b] for (non-JTA) DDL execution was not in auto-commit mode; the Connection 'local transaction' will be committed and the Connection will be set into auto-commit mode.
[ INFO ] 2021-09-30 15:05:20 [THREAD - main] INFO  org.hibernate.engine.transaction.jta.platform.internal.JtaPlatformInitiator:52 - HHH000490: Using JtaPlatform implementation: [org.hibernate.engine.transaction.jta.platform.internal.NoJtaPlatform]
[ INFO ] 2021-09-30 15:05:20 [THREAD - main] INFO  org.springframework.orm.jpa.LocalContainerEntityManagerFactoryBean:437 - Initialized JPA EntityManagerFactory for persistence unit 'default'
[ WARN ] 2021-09-30 15:05:20 [THREAD - main] WARN  org.springframework.boot.autoconfigure.orm.jpa.JpaBaseConfiguration$JpaWebConfiguration:219 - spring.jpa.open-in-view is enabled by default. Therefore, database queries may be performed during view rendering. Explicitly configure spring.jpa.open-in-view to disable this warning
[ INFO ] 2021-09-30 15:05:22 [THREAD - main] INFO  org.springframework.security.web.DefaultSecurityFilterChain:51 - Will secure Ant [pattern='/error'] with []
[ INFO ] 2021-09-30 15:05:22 [THREAD - main] INFO  org.springframework.security.web.DefaultSecurityFilterChain:51 - Will secure Ant [pattern='/favicon.ico'] with []
[ INFO ] 2021-09-30 15:05:22 [THREAD - main] INFO  org.springframework.security.web.DefaultSecurityFilterChain:51 - Will secure Ant [pattern='/'] with []
[ INFO ] 2021-09-30 15:05:22 [THREAD - main] INFO  org.springframework.security.web.DefaultSecurityFilterChain:51 - Will secure Ant [pattern='/csrf'] with []
[ INFO ] 2021-09-30 15:05:22 [THREAD - main] INFO  org.springframework.security.web.DefaultSecurityFilterChain:51 - Will secure Ant [pattern='/actuator/**'] with []
[ INFO ] 2021-09-30 15:05:22 [THREAD - main] INFO  org.springframework.security.web.DefaultSecurityFilterChain:51 - Will secure Ant [pattern='/swagger-ui.html'] with []
[ INFO ] 2021-09-30 15:05:22 [THREAD - main] INFO  org.springframework.security.web.DefaultSecurityFilterChain:51 - Will secure Ant [pattern='/app/**/*.{js'] with []
[ INFO ] 2021-09-30 15:05:22 [THREAD - main] INFO  org.springframework.security.web.DefaultSecurityFilterChain:51 - Will secure Ant [pattern='html}'] with []
[ INFO ] 2021-09-30 15:05:22 [THREAD - main] INFO  org.springframework.security.web.DefaultSecurityFilterChain:51 - Will secure Ant [pattern='/i18n/**'] with []
[ INFO ] 2021-09-30 15:05:22 [THREAD - main] INFO  org.springframework.security.web.DefaultSecurityFilterChain:51 - Will secure Ant [pattern='/content/**'] with []
[ INFO ] 2021-09-30 15:05:22 [THREAD - main] INFO  org.springframework.security.web.DefaultSecurityFilterChain:51 - Will secure Ant [pattern='/swagger-ui/index.html'] with []
[ INFO ] 2021-09-30 15:05:22 [THREAD - main] INFO  org.springframework.security.web.DefaultSecurityFilterChain:51 - Will secure Ant [pattern='/v2/api-docs'] with []
[ INFO ] 2021-09-30 15:05:22 [THREAD - main] INFO  org.springframework.security.web.DefaultSecurityFilterChain:51 - Will secure Ant [pattern='/webjars/**'] with []
[ INFO ] 2021-09-30 15:05:22 [THREAD - main] INFO  org.springframework.security.web.DefaultSecurityFilterChain:51 - Will secure Ant [pattern='/swagger-resources/**'] with []
[ INFO ] 2021-09-30 15:05:22 [THREAD - main] INFO  org.springframework.security.web.DefaultSecurityFilterChain:51 - Will secure Ant [pattern='/auth/**'] with []
[ INFO ] 2021-09-30 15:05:22 [THREAD - main] INFO  springfox.documentation.spring.web.PropertySourcedRequestMappingHandlerMapping:69 - Mapped URL path [/v2/api-docs] onto method [springfox.documentation.swagger2.web.Swagger2Controller#getDocumentation(String, HttpServletRequest)]
[ INFO ] 2021-09-30 15:05:22 [THREAD - main] INFO  org.springframework.security.web.DefaultSecurityFilterChain:51 - Will secure any request with [org.springframework.security.web.context.request.async.WebAsyncManagerIntegrationFilter@5498d2a2, org.springframework.security.web.context.SecurityContextPersistenceFilter@f64f47a, org.springframework.web.filter.CorsFilter@1d280bab, org.springframework.security.web.authentication.logout.LogoutFilter@574f89bf, az.hrportal.hrportalapi.config.filter.SecurityFilter@74a121fe, org.springframework.security.web.savedrequest.RequestCacheAwareFilter@da8853c, org.springframework.security.web.servletapi.SecurityContextHolderAwareRequestFilter@30c0993e, org.springframework.security.web.authentication.AnonymousAuthenticationFilter@12639753, org.springframework.security.web.session.SessionManagementFilter@2f8ede54, org.springframework.security.web.access.ExceptionTranslationFilter@42748f59, org.springframework.security.web.access.intercept.FilterSecurityInterceptor@12bb0322]
[ INFO ] 2021-09-30 15:05:22 [THREAD - main] INFO  org.springframework.boot.web.embedded.tomcat.TomcatWebServer:220 - Tomcat started on port(s): 8080 (http) with context path ''
[ INFO ] 2021-09-30 15:05:22 [THREAD - main] INFO  springfox.documentation.spring.web.plugins.DocumentationPluginsBootstrapper:160 - Context refreshed
[ INFO ] 2021-09-30 15:05:22 [THREAD - main] INFO  springfox.documentation.spring.web.plugins.DocumentationPluginsBootstrapper:163 - Found 1 custom documentation plugin(s)
[ INFO ] 2021-09-30 15:05:22 [THREAD - main] INFO  springfox.documentation.spring.web.scanners.ApiListingReferenceScanner:41 - Scanning for api listing references
[ INFO ] 2021-09-30 15:05:22 [THREAD - main] INFO  springfox.documentation.spring.web.readers.operation.CachingOperationNameGenerator:40 - Generating unique operation named: createUsingPOST_1
[ INFO ] 2021-09-30 15:05:22 [THREAD - main] INFO  springfox.documentation.spring.web.readers.operation.CachingOperationNameGenerator:40 - Generating unique operation named: getAllUsingGET_1
[ INFO ] 2021-09-30 15:05:22 [THREAD - main] INFO  springfox.documentation.spring.web.readers.operation.CachingOperationNameGenerator:40 - Generating unique operation named: createUsingPOST_2
[ INFO ] 2021-09-30 15:05:22 [THREAD - main] INFO  springfox.documentation.spring.web.readers.operation.CachingOperationNameGenerator:40 - Generating unique operation named: createUsingPOST_3
[ INFO ] 2021-09-30 15:05:22 [THREAD - main] INFO  springfox.documentation.spring.web.readers.operation.CachingOperationNameGenerator:40 - Generating unique operation named: getAllUsingGET_2
[ INFO ] 2021-09-30 15:05:22 [THREAD - main] INFO  springfox.documentation.spring.web.readers.operation.CachingOperationNameGenerator:40 - Generating unique operation named: updateUsingPUT_1
[ INFO ] 2021-09-30 15:05:22 [THREAD - main] INFO  springfox.documentation.spring.web.readers.operation.CachingOperationNameGenerator:40 - Generating unique operation named: updateUsingPUT_2
[ INFO ] 2021-09-30 15:05:22 [THREAD - main] INFO  springfox.documentation.spring.web.readers.operation.CachingOperationNameGenerator:40 - Generating unique operation named: getAllUsingGET_3
[ INFO ] 2021-09-30 15:05:22 [THREAD - main] INFO  springfox.documentation.spring.web.readers.operation.CachingOperationNameGenerator:40 - Generating unique operation named: createUsingPOST_4
[ INFO ] 2021-09-30 15:05:22 [THREAD - main] INFO  springfox.documentation.spring.web.readers.operation.CachingOperationNameGenerator:40 - Generating unique operation named: getAllUsingGET_4
[ INFO ] 2021-09-30 15:05:22 [THREAD - main] INFO  springfox.documentation.spring.web.readers.operation.CachingOperationNameGenerator:40 - Generating unique operation named: createUsingPOST_5
[ INFO ] 2021-09-30 15:05:22 [THREAD - main] INFO  springfox.documentation.spring.web.readers.operation.CachingOperationNameGenerator:40 - Generating unique operation named: getAllUsingGET_5
[ INFO ] 2021-09-30 15:05:22 [THREAD - main] INFO  springfox.documentation.spring.web.readers.operation.CachingOperationNameGenerator:40 - Generating unique operation named: createUsingPOST_6
[ INFO ] 2021-09-30 15:05:22 [THREAD - main] INFO  springfox.documentation.spring.web.readers.operation.CachingOperationNameGenerator:40 - Generating unique operation named: deleteUsingDELETE_1
[ INFO ] 2021-09-30 15:05:22 [THREAD - main] INFO  springfox.documentation.spring.web.readers.operation.CachingOperationNameGenerator:40 - Generating unique operation named: getAllUsingGET_6
[ INFO ] 2021-09-30 15:05:22 [THREAD - main] INFO  springfox.documentation.spring.web.readers.operation.CachingOperationNameGenerator:40 - Generating unique operation named: getGeneralInfoUsingGET_1
[ INFO ] 2021-09-30 15:05:22 [THREAD - main] INFO  springfox.documentation.spring.web.readers.operation.CachingOperationNameGenerator:40 - Generating unique operation named: updateUsingPUT_3
[ INFO ] 2021-09-30 15:05:22 [THREAD - main] INFO  springfox.documentation.spring.web.readers.operation.CachingOperationNameGenerator:40 - Generating unique operation named: updateUsingPUT_4
[ INFO ] 2021-09-30 15:05:22 [THREAD - main] INFO  springfox.documentation.spring.web.readers.operation.CachingOperationNameGenerator:40 - Generating unique operation named: createUsingPOST_7
[ INFO ] 2021-09-30 15:05:22 [THREAD - main] INFO  springfox.documentation.spring.web.readers.operation.CachingOperationNameGenerator:40 - Generating unique operation named: getAllUsingGET_7
[ INFO ] 2021-09-30 15:05:22 [THREAD - main] INFO  springfox.documentation.spring.web.readers.operation.CachingOperationNameGenerator:40 - Generating unique operation named: createUsingPOST_8
[ INFO ] 2021-09-30 15:05:22 [THREAD - main] INFO  springfox.documentation.spring.web.readers.operation.CachingOperationNameGenerator:40 - Generating unique operation named: getAllUsingGET_8
[ INFO ] 2021-09-30 15:05:22 [THREAD - main] INFO  springfox.documentation.spring.web.readers.operation.CachingOperationNameGenerator:40 - Generating unique operation named: createUsingPOST_9
[ INFO ] 2021-09-30 15:05:22 [THREAD - main] INFO  springfox.documentation.spring.web.readers.operation.CachingOperationNameGenerator:40 - Generating unique operation named: getAllUsingGET_9
[ INFO ] 2021-09-30 15:05:22 [THREAD - main] INFO  az.hrportal.hrportalapi.HrportalApiApplication:61 - Started HrportalApiApplication in 5.887 seconds (JVM running for 6.465)
[ INFO ] 2021-09-30 15:05:32 [THREAD - http-nio-8080-exec-1] INFO  org.apache.catalina.core.ContainerBase.[Tomcat].[localhost].[/]:173 - Initializing Spring DispatcherServlet 'dispatcherServlet'
[ INFO ] 2021-09-30 15:05:32 [THREAD - http-nio-8080-exec-1] INFO  org.springframework.web.servlet.DispatcherServlet:525 - Initializing Servlet 'dispatcherServlet'
[ INFO ] 2021-09-30 15:05:32 [THREAD - http-nio-8080-exec-1] INFO  org.springframework.web.servlet.DispatcherServlet:547 - Completed initialization in 1 ms
[ INFO ] 2021-09-30 15:05:43 [THREAD - c85487873eec40b882440651f4f092c7] INFO  az.hrportal.hrportalapi.service.AuthenticationService:27 - login service started with username : admin
[ INFO ] 2021-09-30 15:05:43 [THREAD - c85487873eec40b882440651f4f092c7] INFO  az.hrportal.hrportalapi.service.AuthenticationService:32 - login service completed with username : admin
[ INFO ] 2021-09-30 15:06:05 [THREAD - a8f37731e101452999e78c387fef1de2] INFO  az.hrportal.hrportalapi.config.filter.SecurityFilter:36 - ********** URI : /document/position ************
[ ERROR ] 2021-09-30 15:06:05 [THREAD - a8f37731e101452999e78c387fef1de2] ERROR az.hrportal.hrportalapi.config.filter.SecurityFilter:51 - ---------- Security filter error . Exception ---------- 
 StackTrace : Token is not valid. TOKEN : null
az.hrportal.hrportalapi.security.SecurityUtil.extractToken(SecurityUtil.java:16)
az.hrportal.hrportalapi.config.filter.SecurityFilter.doFilter(SecurityFilter.java:38)
org.springframework.security.web.FilterChainProxy$VirtualFilterChain.doFilter(FilterChainProxy.java:336)
org.springframework.security.web.authentication.logout.LogoutFilter.doFilter(LogoutFilter.java:103)
org.springframework.security.web.authentication.logout.LogoutFilter.doFilter(LogoutFilter.java:89)
org.springframework.security.web.FilterChainProxy$VirtualFilterChain.doFilter(FilterChainProxy.java:336)
org.springframework.web.filter.CorsFilter.doFilterInternal(CorsFilter.java:91)
org.springframework.web.filter.OncePerRequestFilter.doFilter(OncePerRequestFilter.java:119)
org.springframework.security.web.FilterChainProxy$VirtualFilterChain.doFilter(FilterChainProxy.java:336)
org.springframework.security.web.context.SecurityContextPersistenceFilter.doFilter(SecurityContextPersistenceFilter.java:110)
org.springframework.security.web.context.SecurityContextPersistenceFilter.doFilter(SecurityContextPersistenceFilter.java:80)
org.springframework.security.web.FilterChainProxy$VirtualFilterChain.doFilter(FilterChainProxy.java:336)
org.springframework.security.web.context.request.async.WebAsyncManagerIntegrationFilter.doFilterInternal(WebAsyncManagerIntegrationFilter.java:55)
org.springframework.web.filter.OncePerRequestFilter.doFilter(OncePerRequestFilter.java:119)
org.springframework.security.web.FilterChainProxy$VirtualFilterChain.doFilter(FilterChainProxy.java:336)
org.springframework.security.web.FilterChainProxy.doFilterInternal(FilterChainProxy.java:211)
org.springframework.security.web.FilterChainProxy.doFilter(FilterChainProxy.java:183)
org.springframework.web.filter.DelegatingFilterProxy.invokeDelegate(DelegatingFilterProxy.java:358)
org.springframework.web.filter.DelegatingFilterProxy.doFilter(DelegatingFilterProxy.java:271)
org.apache.catalina.core.ApplicationFilterChain.internalDoFilter(ApplicationFilterChain.java:190)
org.apache.catalina.core.ApplicationFilterChain.doFilter(ApplicationFilterChain.java:163)
org.springframework.web.filter.RequestContextFilter.doFilterInternal(RequestContextFilter.java:100)
org.springframework.web.filter.OncePerRequestFilter.doFilter(OncePerRequestFilter.java:119)
org.apache.catalina.core.ApplicationFilterChain.internalDoFilter(ApplicationFilterChain.java:190)
org.apache.catalina.core.ApplicationFilterChain.doFilter(ApplicationFilterChain.java:163)
org.springframework.web.filter.FormContentFilter.doFilterInternal(FormContentFilter.java:93)
org.springframework.web.filter.OncePerRequestFilter.doFilter(OncePerRequestFilter.java:119)
org.apache.catalina.core.ApplicationFilterChain.internalDoFilter(ApplicationFilterChain.java:190)
org.apache.catalina.core.ApplicationFilterChain.doFilter(ApplicationFilterChain.java:163)
org.springframework.web.filter.CharacterEncodingFilter.doFilterInternal(CharacterEncodingFilter.java:201)
org.springframework.web.filter.OncePerRequestFilter.doFilter(OncePerRequestFilter.java:119)
org.apache.catalina.core.ApplicationFilterChain.internalDoFilter(ApplicationFilterChain.java:190)
org.apache.catalina.core.ApplicationFilterChain.doFilter(ApplicationFilterChain.java:163)
az.hrportal.hrportalapi.config.filter.HttpSessionFilter.doFilterInternal(HttpSessionFilter.java:27)
org.springframework.web.filter.OncePerRequestFilter.doFilter(OncePerRequestFilter.java:119)
org.apache.catalina.core.ApplicationFilterChain.internalDoFilter(ApplicationFilterChain.java:190)
org.apache.catalina.core.ApplicationFilterChain.doFilter(ApplicationFilterChain.java:163)
org.apache.catalina.core.StandardWrapperValve.invoke(StandardWrapperValve.java:202)
org.apache.catalina.core.StandardContextValve.invoke(StandardContextValve.java:97)
org.apache.catalina.authenticator.AuthenticatorBase.invoke(AuthenticatorBase.java:542)
org.apache.catalina.core.StandardHostValve.invoke(StandardHostValve.java:143)
org.apache.catalina.valves.ErrorReportValve.invoke(ErrorReportValve.java:92)
org.apache.catalina.core.StandardEngineValve.invoke(StandardEngineValve.java:78)
org.apache.catalina.connector.CoyoteAdapter.service(CoyoteAdapter.java:357)
org.apache.coyote.http11.Http11Processor.service(Http11Processor.java:382)
org.apache.coyote.AbstractProcessorLight.process(AbstractProcessorLight.java:65)
org.apache.coyote.AbstractProtocol$ConnectionHandler.process(AbstractProtocol.java:893)
org.apache.tomcat.util.net.NioEndpoint$SocketProcessor.doRun(NioEndpoint.java:1723)
org.apache.tomcat.util.net.SocketProcessorBase.run(SocketProcessorBase.java:49)
java.base/java.util.concurrent.ThreadPoolExecutor.runWorker(ThreadPoolExecutor.java:1128)
java.base/java.util.concurrent.ThreadPoolExecutor$Worker.run(ThreadPoolExecutor.java:628)
org.apache.tomcat.util.threads.TaskThread$WrappingRunnable.run(TaskThread.java:61)
java.base/java.lang.Thread.run(Thread.java:829)

[ INFO ] 2021-09-30 15:06:22 [THREAD - SpringApplicationShutdownHook] INFO  org.springframework.orm.jpa.LocalContainerEntityManagerFactoryBean:651 - Closing JPA EntityManagerFactory for persistence unit 'default'
[ INFO ] 2021-09-30 15:06:22 [THREAD - SpringApplicationShutdownHook] INFO  com.zaxxer.hikari.HikariDataSource:350 - IdentityHikariPool - Shutdown initiated...
[ INFO ] 2021-09-30 15:06:22 [THREAD - SpringApplicationShutdownHook] INFO  com.zaxxer.hikari.HikariDataSource:352 - IdentityHikariPool - Shutdown completed.
[ INFO ] 2021-09-30 15:06:26 [THREAD - main] INFO  az.hrportal.hrportalapi.HrportalApiApplication:55 - Starting HrportalApiApplication using Java 11.0.12 on firatshahverdiyev-ThinkPad-T15-Gen-1 with PID 21201 (/home/firatshahverdiyev/Documents/Projects/Java/hrportal-api/build/classes/java/main started by firatshahverdiyev in /home/firatshahverdiyev/Documents/Projects/Java/hrportal-api)
[ INFO ] 2021-09-30 15:06:26 [THREAD - main] INFO  az.hrportal.hrportalapi.HrportalApiApplication:663 - The following profiles are active: local
[ INFO ] 2021-09-30 15:06:27 [THREAD - main] INFO  org.springframework.data.repository.config.RepositoryConfigurationDelegate:132 - Bootstrapping Spring Data JPA repositories in DEFAULT mode.
[ INFO ] 2021-09-30 15:06:27 [THREAD - main] INFO  org.springframework.data.repository.config.RepositoryConfigurationDelegate:201 - Finished Spring Data repository scanning in 82 ms. Found 19 JPA repository interfaces.
[ INFO ] 2021-09-30 15:06:28 [THREAD - main] INFO  org.springframework.boot.web.embedded.tomcat.TomcatWebServer:108 - Tomcat initialized with port(s): 8080 (http)
[ INFO ] 2021-09-30 15:06:28 [THREAD - main] INFO  org.apache.catalina.core.StandardService:173 - Starting service [Tomcat]
[ INFO ] 2021-09-30 15:06:28 [THREAD - main] INFO  org.apache.catalina.core.StandardEngine:173 - Starting Servlet engine: [Apache Tomcat/9.0.50]
[ INFO ] 2021-09-30 15:06:28 [THREAD - main] INFO  org.apache.catalina.core.ContainerBase.[Tomcat].[localhost].[/]:173 - Initializing Spring embedded WebApplicationContext
[ INFO ] 2021-09-30 15:06:28 [THREAD - main] INFO  org.springframework.boot.web.servlet.context.ServletWebServerApplicationContext:290 - Root WebApplicationContext: initialization completed in 1366 ms
[ INFO ] 2021-09-30 15:06:28 [THREAD - main] INFO  org.hibernate.jpa.internal.util.LogHelper:31 - HHH000204: Processing PersistenceUnitInfo [name: default]
[ INFO ] 2021-09-30 15:06:28 [THREAD - main] INFO  org.hibernate.Version:44 - HHH000412: Hibernate ORM core version 5.4.32.Final
[ INFO ] 2021-09-30 15:06:28 [THREAD - main] INFO  org.hibernate.annotations.common.Version:56 - HCANN000001: Hibernate Commons Annotations {5.1.2.Final}
[ INFO ] 2021-09-30 15:06:28 [THREAD - main] INFO  com.zaxxer.hikari.HikariDataSource:110 - IdentityHikariPool - Starting...
[ INFO ] 2021-09-30 15:06:28 [THREAD - main] INFO  com.zaxxer.hikari.HikariDataSource:123 - IdentityHikariPool - Start completed.
[ INFO ] 2021-09-30 15:06:28 [THREAD - main] INFO  org.hibernate.dialect.Dialect:175 - HHH000400: Using dialect: org.hibernate.dialect.PostgreSQL95Dialect
[ INFO ] 2021-09-30 15:06:29 [THREAD - main] INFO  org.hibernate.orm.connections.access:47 - HHH10001501: Connection obtained from JdbcConnectionAccess [org.hibernate.engine.jdbc.env.internal.JdbcEnvironmentInitiator$ConnectionProviderJdbcConnectionAccess@74159dc9] for (non-JTA) DDL execution was not in auto-commit mode; the Connection 'local transaction' will be committed and the Connection will be set into auto-commit mode.
[ INFO ] 2021-09-30 15:06:29 [THREAD - main] INFO  org.hibernate.engine.transaction.jta.platform.internal.JtaPlatformInitiator:52 - HHH000490: Using JtaPlatform implementation: [org.hibernate.engine.transaction.jta.platform.internal.NoJtaPlatform]
[ INFO ] 2021-09-30 15:06:29 [THREAD - main] INFO  org.springframework.orm.jpa.LocalContainerEntityManagerFactoryBean:437 - Initialized JPA EntityManagerFactory for persistence unit 'default'
[ WARN ] 2021-09-30 15:06:29 [THREAD - main] WARN  org.springframework.boot.autoconfigure.orm.jpa.JpaBaseConfiguration$JpaWebConfiguration:219 - spring.jpa.open-in-view is enabled by default. Therefore, database queries may be performed during view rendering. Explicitly configure spring.jpa.open-in-view to disable this warning
[ INFO ] 2021-09-30 15:06:31 [THREAD - main] INFO  org.springframework.security.web.DefaultSecurityFilterChain:51 - Will secure Ant [pattern='/error'] with []
[ INFO ] 2021-09-30 15:06:31 [THREAD - main] INFO  org.springframework.security.web.DefaultSecurityFilterChain:51 - Will secure Ant [pattern='/favicon.ico'] with []
[ INFO ] 2021-09-30 15:06:31 [THREAD - main] INFO  org.springframework.security.web.DefaultSecurityFilterChain:51 - Will secure Ant [pattern='/'] with []
[ INFO ] 2021-09-30 15:06:31 [THREAD - main] INFO  org.springframework.security.web.DefaultSecurityFilterChain:51 - Will secure Ant [pattern='/csrf'] with []
[ INFO ] 2021-09-30 15:06:31 [THREAD - main] INFO  org.springframework.security.web.DefaultSecurityFilterChain:51 - Will secure Ant [pattern='/actuator/**'] with []
[ INFO ] 2021-09-30 15:06:31 [THREAD - main] INFO  org.springframework.security.web.DefaultSecurityFilterChain:51 - Will secure Ant [pattern='/swagger-ui.html'] with []
[ INFO ] 2021-09-30 15:06:31 [THREAD - main] INFO  org.springframework.security.web.DefaultSecurityFilterChain:51 - Will secure Ant [pattern='/app/**/*.{js'] with []
[ INFO ] 2021-09-30 15:06:31 [THREAD - main] INFO  org.springframework.security.web.DefaultSecurityFilterChain:51 - Will secure Ant [pattern='html}'] with []
[ INFO ] 2021-09-30 15:06:31 [THREAD - main] INFO  org.springframework.security.web.DefaultSecurityFilterChain:51 - Will secure Ant [pattern='/i18n/**'] with []
[ INFO ] 2021-09-30 15:06:31 [THREAD - main] INFO  org.springframework.security.web.DefaultSecurityFilterChain:51 - Will secure Ant [pattern='/content/**'] with []
[ INFO ] 2021-09-30 15:06:31 [THREAD - main] INFO  org.springframework.security.web.DefaultSecurityFilterChain:51 - Will secure Ant [pattern='/swagger-ui/index.html'] with []
[ INFO ] 2021-09-30 15:06:31 [THREAD - main] INFO  org.springframework.security.web.DefaultSecurityFilterChain:51 - Will secure Ant [pattern='/v2/api-docs'] with []
[ INFO ] 2021-09-30 15:06:31 [THREAD - main] INFO  org.springframework.security.web.DefaultSecurityFilterChain:51 - Will secure Ant [pattern='/webjars/**'] with []
[ INFO ] 2021-09-30 15:06:31 [THREAD - main] INFO  org.springframework.security.web.DefaultSecurityFilterChain:51 - Will secure Ant [pattern='/swagger-resources/**'] with []
[ INFO ] 2021-09-30 15:06:31 [THREAD - main] INFO  org.springframework.security.web.DefaultSecurityFilterChain:51 - Will secure Ant [pattern='/auth/**'] with []
[ INFO ] 2021-09-30 15:06:31 [THREAD - main] INFO  springfox.documentation.spring.web.PropertySourcedRequestMappingHandlerMapping:69 - Mapped URL path [/v2/api-docs] onto method [springfox.documentation.swagger2.web.Swagger2Controller#getDocumentation(String, HttpServletRequest)]
[ INFO ] 2021-09-30 15:06:31 [THREAD - main] INFO  org.springframework.security.web.DefaultSecurityFilterChain:51 - Will secure any request with [org.springframework.security.web.context.request.async.WebAsyncManagerIntegrationFilter@41a372c1, org.springframework.security.web.context.SecurityContextPersistenceFilter@3818609f, org.springframework.web.filter.CorsFilter@12bb3666, org.springframework.security.web.authentication.logout.LogoutFilter@327fd5c9, az.hrportal.hrportalapi.config.filter.SecurityFilter@18c2b4c6, org.springframework.security.web.savedrequest.RequestCacheAwareFilter@2b3cbc2c, org.springframework.security.web.servletapi.SecurityContextHolderAwareRequestFilter@169f4152, org.springframework.security.web.authentication.AnonymousAuthenticationFilter@1c71d704, org.springframework.security.web.session.SessionManagementFilter@c4fac3a, org.springframework.security.web.access.ExceptionTranslationFilter@f1f41b5, org.springframework.security.web.access.intercept.FilterSecurityInterceptor@3597174b]
[ INFO ] 2021-09-30 15:06:31 [THREAD - main] INFO  org.springframework.boot.web.embedded.tomcat.TomcatWebServer:220 - Tomcat started on port(s): 8080 (http) with context path ''
[ INFO ] 2021-09-30 15:06:31 [THREAD - main] INFO  springfox.documentation.spring.web.plugins.DocumentationPluginsBootstrapper:160 - Context refreshed
[ INFO ] 2021-09-30 15:06:31 [THREAD - main] INFO  springfox.documentation.spring.web.plugins.DocumentationPluginsBootstrapper:163 - Found 1 custom documentation plugin(s)
[ INFO ] 2021-09-30 15:06:31 [THREAD - main] INFO  springfox.documentation.spring.web.scanners.ApiListingReferenceScanner:41 - Scanning for api listing references
[ INFO ] 2021-09-30 15:06:31 [THREAD - main] INFO  springfox.documentation.spring.web.readers.operation.CachingOperationNameGenerator:40 - Generating unique operation named: createUsingPOST_1
[ INFO ] 2021-09-30 15:06:31 [THREAD - main] INFO  springfox.documentation.spring.web.readers.operation.CachingOperationNameGenerator:40 - Generating unique operation named: getAllUsingGET_1
[ INFO ] 2021-09-30 15:06:31 [THREAD - main] INFO  springfox.documentation.spring.web.readers.operation.CachingOperationNameGenerator:40 - Generating unique operation named: createUsingPOST_2
[ INFO ] 2021-09-30 15:06:31 [THREAD - main] INFO  springfox.documentation.spring.web.readers.operation.CachingOperationNameGenerator:40 - Generating unique operation named: createUsingPOST_3
[ INFO ] 2021-09-30 15:06:31 [THREAD - main] INFO  springfox.documentation.spring.web.readers.operation.CachingOperationNameGenerator:40 - Generating unique operation named: getAllUsingGET_2
[ INFO ] 2021-09-30 15:06:31 [THREAD - main] INFO  springfox.documentation.spring.web.readers.operation.CachingOperationNameGenerator:40 - Generating unique operation named: updateUsingPUT_1
[ INFO ] 2021-09-30 15:06:31 [THREAD - main] INFO  springfox.documentation.spring.web.readers.operation.CachingOperationNameGenerator:40 - Generating unique operation named: updateUsingPUT_2
[ INFO ] 2021-09-30 15:06:31 [THREAD - main] INFO  springfox.documentation.spring.web.readers.operation.CachingOperationNameGenerator:40 - Generating unique operation named: getAllUsingGET_3
[ INFO ] 2021-09-30 15:06:31 [THREAD - main] INFO  springfox.documentation.spring.web.readers.operation.CachingOperationNameGenerator:40 - Generating unique operation named: createUsingPOST_4
[ INFO ] 2021-09-30 15:06:31 [THREAD - main] INFO  springfox.documentation.spring.web.readers.operation.CachingOperationNameGenerator:40 - Generating unique operation named: getAllUsingGET_4
[ INFO ] 2021-09-30 15:06:31 [THREAD - main] INFO  springfox.documentation.spring.web.readers.operation.CachingOperationNameGenerator:40 - Generating unique operation named: createUsingPOST_5
[ INFO ] 2021-09-30 15:06:31 [THREAD - main] INFO  springfox.documentation.spring.web.readers.operation.CachingOperationNameGenerator:40 - Generating unique operation named: getAllUsingGET_5
[ INFO ] 2021-09-30 15:06:31 [THREAD - main] INFO  springfox.documentation.spring.web.readers.operation.CachingOperationNameGenerator:40 - Generating unique operation named: createUsingPOST_6
[ INFO ] 2021-09-30 15:06:31 [THREAD - main] INFO  springfox.documentation.spring.web.readers.operation.CachingOperationNameGenerator:40 - Generating unique operation named: deleteUsingDELETE_1
[ INFO ] 2021-09-30 15:06:31 [THREAD - main] INFO  springfox.documentation.spring.web.readers.operation.CachingOperationNameGenerator:40 - Generating unique operation named: getAllUsingGET_6
[ INFO ] 2021-09-30 15:06:31 [THREAD - main] INFO  springfox.documentation.spring.web.readers.operation.CachingOperationNameGenerator:40 - Generating unique operation named: getGeneralInfoUsingGET_1
[ INFO ] 2021-09-30 15:06:31 [THREAD - main] INFO  springfox.documentation.spring.web.readers.operation.CachingOperationNameGenerator:40 - Generating unique operation named: updateUsingPUT_3
[ INFO ] 2021-09-30 15:06:31 [THREAD - main] INFO  springfox.documentation.spring.web.readers.operation.CachingOperationNameGenerator:40 - Generating unique operation named: updateUsingPUT_4
[ INFO ] 2021-09-30 15:06:31 [THREAD - main] INFO  springfox.documentation.spring.web.readers.operation.CachingOperationNameGenerator:40 - Generating unique operation named: createUsingPOST_7
[ INFO ] 2021-09-30 15:06:31 [THREAD - main] INFO  springfox.documentation.spring.web.readers.operation.CachingOperationNameGenerator:40 - Generating unique operation named: getAllUsingGET_7
[ INFO ] 2021-09-30 15:06:31 [THREAD - main] INFO  springfox.documentation.spring.web.readers.operation.CachingOperationNameGenerator:40 - Generating unique operation named: createUsingPOST_8
[ INFO ] 2021-09-30 15:06:31 [THREAD - main] INFO  springfox.documentation.spring.web.readers.operation.CachingOperationNameGenerator:40 - Generating unique operation named: getAllUsingGET_8
[ INFO ] 2021-09-30 15:06:31 [THREAD - main] INFO  springfox.documentation.spring.web.readers.operation.CachingOperationNameGenerator:40 - Generating unique operation named: createUsingPOST_9
[ INFO ] 2021-09-30 15:06:31 [THREAD - main] INFO  springfox.documentation.spring.web.readers.operation.CachingOperationNameGenerator:40 - Generating unique operation named: getAllUsingGET_9
[ INFO ] 2021-09-30 15:06:31 [THREAD - main] INFO  az.hrportal.hrportalapi.HrportalApiApplication:61 - Started HrportalApiApplication in 5.321 seconds (JVM running for 5.899)
[ INFO ] 2021-09-30 15:06:35 [THREAD - http-nio-8080-exec-1] INFO  org.apache.catalina.core.ContainerBase.[Tomcat].[localhost].[/]:173 - Initializing Spring DispatcherServlet 'dispatcherServlet'
[ INFO ] 2021-09-30 15:06:35 [THREAD - http-nio-8080-exec-1] INFO  org.springframework.web.servlet.DispatcherServlet:525 - Initializing Servlet 'dispatcherServlet'
[ INFO ] 2021-09-30 15:06:35 [THREAD - http-nio-8080-exec-1] INFO  org.springframework.web.servlet.DispatcherServlet:547 - Completed initialization in 1 ms
[ INFO ] 2021-09-30 15:06:43 [THREAD - 16b3bdb0e486490fbe5232004f05b88b] INFO  az.hrportal.hrportalapi.config.filter.SecurityFilter:36 - ********** URI : /document/position ************
[ INFO ] 2021-09-30 15:06:43 [THREAD - 16b3bdb0e486490fbe5232004f05b88b] INFO  az.hrportal.hrportalapi.config.filter.SecurityFilter:41 - ********** called by USERNAME : admin **********
[ INFO ] 2021-09-30 15:06:43 [THREAD - 16b3bdb0e486490fbe5232004f05b88b] INFO  az.hrportal.hrportalapi.service.DocumentService:85 - getAllPositionsId service started
[ INFO ] 2021-09-30 15:06:43 [THREAD - 16b3bdb0e486490fbe5232004f05b88b] INFO  az.hrportal.hrportalapi.service.DocumentService:90 - ********** getAllPositionsId service completed **********
[ INFO ] 2021-09-30 15:06:54 [THREAD - e251af05bd4f44bb88ed2f225cc16690] INFO  az.hrportal.hrportalapi.config.filter.SecurityFilter:36 - ********** URI : /document/types ************
[ INFO ] 2021-09-30 15:06:54 [THREAD - e251af05bd4f44bb88ed2f225cc16690] INFO  az.hrportal.hrportalapi.config.filter.SecurityFilter:41 - ********** called by USERNAME : admin **********
[ INFO ] 2021-09-30 15:06:54 [THREAD - e251af05bd4f44bb88ed2f225cc16690] INFO  az.hrportal.hrportalapi.service.DocumentService:95 - getDocumentTypes service started
[ INFO ] 2021-09-30 15:06:54 [THREAD - e251af05bd4f44bb88ed2f225cc16690] INFO  az.hrportal.hrportalapi.service.DocumentService:101 - ********** getDocumentTypes service completed **********
[ INFO ] 2021-09-30 15:07:05 [THREAD - SpringApplicationShutdownHook] INFO  org.springframework.orm.jpa.LocalContainerEntityManagerFactoryBean:651 - Closing JPA EntityManagerFactory for persistence unit 'default'
[ INFO ] 2021-09-30 15:07:05 [THREAD - SpringApplicationShutdownHook] INFO  com.zaxxer.hikari.HikariDataSource:350 - IdentityHikariPool - Shutdown initiated...
[ INFO ] 2021-09-30 15:07:05 [THREAD - SpringApplicationShutdownHook] INFO  com.zaxxer.hikari.HikariDataSource:352 - IdentityHikariPool - Shutdown completed.
